2020-05-17 19:00:12 [Thread-19] INFO  by.prokhorenko.threads.entity.LogisticBase - Truck Truck{id=19, truckCapacityType=SMALL, cargoType=PERISHABLE, load=25} left the terminal Terminal{isBusy=false, id=1}
2020-05-17 19:00:12 [Thread-13] INFO  by.prokhorenko.threads.entity.LogisticBase - Truck Truck{id=13, truckCapacityType=SMALL, cargoType=PERISHABLE, load=0} got terminal Terminal{isBusy=true, id=1}
2020-05-17 19:00:12 [Thread-13] INFO  by.prokhorenko.threads.entity.Terminal - Truck Truck{id=13, truckCapacityType=SMALL, cargoType=PERISHABLE, load=25} was loaded on terminal with id 1
2020-05-17 19:00:12 [Thread-13] INFO  by.prokhorenko.threads.entity.LogisticBase - Truck Truck{id=13, truckCapacityType=SMALL, cargoType=PERISHABLE, load=25} left the terminal Terminal{isBusy=false, id=1}
2020-05-17 19:00:12 [Thread-10] INFO  by.prokhorenko.threads.entity.LogisticBase - Truck Truck{id=10, truckCapacityType=LARGE, cargoType=PERISHABLE, load=0} got terminal Terminal{isBusy=true, id=1}
2020-05-17 19:00:14 [Thread-10] INFO  by.prokhorenko.threads.entity.Terminal - Truck Truck{id=10, truckCapacityType=LARGE, cargoType=PERISHABLE, load=100} was loaded on terminal with id 1
2020-05-17 19:00:14 [Thread-10] INFO  by.prokhorenko.threads.entity.LogisticBase - Truck Truck{id=10, truckCapacityType=LARGE, cargoType=PERISHABLE, load=100} left the terminal Terminal{isBusy=false, id=1}
2020-05-17 19:00:14 [Thread-5] INFO  by.prokhorenko.threads.entity.LogisticBase - Truck Truck{id=5, truckCapacityType=SMALL, cargoType=PERISHABLE, load=0} got terminal Terminal{isBusy=true, id=1}
2020-05-17 19:00:15 [Thread-5] INFO  by.prokhorenko.threads.entity.Terminal - Truck Truck{id=5, truckCapacityType=SMALL, cargoType=PERISHABLE, load=25} was loaded on terminal with id 1
2020-05-17 19:00:15 [Thread-5] INFO  by.prokhorenko.threads.entity.LogisticBase - Truck Truck{id=5, truckCapacityType=SMALL, cargoType=PERISHABLE, load=25} left the terminal Terminal{isBusy=false, id=1}
2020-05-17 19:00:15 [Thread-7] INFO  by.prokhorenko.threads.entity.LogisticBase - Truck Truck{id=7, truckCapacityType=SMALL, cargoType=PERISHABLE, load=0} got terminal Terminal{isBusy=true, id=1}
2020-05-17 19:00:15 [Thread-7] INFO  by.prokhorenko.threads.entity.Terminal - Truck Truck{id=7, truckCapacityType=SMALL, cargoType=PERISHABLE, load=25} was loaded on terminal with id 1
2020-05-17 19:00:15 [Thread-7] INFO  by.prokhorenko.threads.entity.LogisticBase - Truck Truck{id=7, truckCapacityType=SMALL, cargoType=PERISHABLE, load=25} left the terminal Terminal{isBusy=false, id=1}
2020-05-17 19:00:15 [Thread-16] INFO  by.prokhorenko.threads.entity.LogisticBase - Truck Truck{id=16, truckCapacityType=LARGE, cargoType=PERISHABLE, load=0} got terminal Terminal{isBusy=true, id=1}
2020-05-17 19:00:17 [Thread-16] INFO  by.prokhorenko.threads.entity.Terminal - Truck Truck{id=16, truckCapacityType=LARGE, cargoType=PERISHABLE, load=100} was loaded on terminal with id 1
2020-05-17 19:00:17 [Thread-16] INFO  by.prokhorenko.threads.entity.LogisticBase - Truck Truck{id=16, truckCapacityType=LARGE, cargoType=PERISHABLE, load=100} left the terminal Terminal{isBusy=false, id=1}
2020-05-17 19:00:17 [Thread-17] INFO  by.prokhorenko.threads.entity.LogisticBase - Truck Truck{id=17, truckCapacityType=SMALL, cargoType=PERISHABLE, load=0} got terminal Terminal{isBusy=true, id=1}
2020-05-17 19:00:18 [Thread-17] INFO  by.prokhorenko.threads.entity.Terminal - Truck Truck{id=17, truckCapacityType=SMALL, cargoType=PERISHABLE, load=25} was loaded on terminal with id 1
2020-05-17 19:00:18 [Thread-17] INFO  by.prokhorenko.threads.entity.LogisticBase - Truck Truck{id=17, truckCapacityType=SMALL, cargoType=PERISHABLE, load=25} left the terminal Terminal{isBusy=false, id=1}
2020-05-17 19:00:18 [Thread-22] INFO  by.prokhorenko.threads.entity.LogisticBase - Truck Truck{id=22, truckCapacityType=LARGE, cargoType=PERISHABLE, load=0} got terminal Terminal{isBusy=true, id=1}
2020-05-17 19:00:20 [Thread-22] INFO  by.prokhorenko.threads.entity.Terminal - Truck Truck{id=22, truckCapacityType=LARGE, cargoType=PERISHABLE, load=100} was loaded on terminal with id 1
2020-05-17 19:00:20 [Thread-22] INFO  by.prokhorenko.threads.entity.LogisticBase - Truck Truck{id=22, truckCapacityType=LARGE, cargoType=PERISHABLE, load=100} left the terminal Terminal{isBusy=false, id=1}
2020-05-17 19:00:20 [Thread-23] INFO  by.prokhorenko.threads.entity.LogisticBase - Truck Truck{id=23, truckCapacityType=SMALL, cargoType=PERISHABLE, load=0} got terminal Terminal{isBusy=true, id=1}
2020-05-17 19:00:20 [Thread-23] INFO  by.prokhorenko.threads.entity.Terminal - Truck Truck{id=23, truckCapacityType=SMALL, cargoType=PERISHABLE, load=25} was loaded on terminal with id 1
2020-05-17 19:00:20 [Thread-23] INFO  by.prokhorenko.threads.entity.LogisticBase - Truck Truck{id=23, truckCapacityType=SMALL, cargoType=PERISHABLE, load=25} left the terminal Terminal{isBusy=false, id=1}
2020-05-17 19:00:20 [Thread-4] INFO  by.prokhorenko.threads.entity.LogisticBase - Truck Truck{id=4, truckCapacityType=LARGE, cargoType=PERISHABLE, load=0} got terminal Terminal{isBusy=true, id=1}
2020-05-17 19:00:22 [Thread-4] INFO  by.prokhorenko.threads.entity.Terminal - Truck Truck{id=4, truckCapacityType=LARGE, cargoType=PERISHABLE, load=100} was loaded on terminal with id 1
2020-05-17 19:00:22 [Thread-4] INFO  by.prokhorenko.threads.entity.LogisticBase - Truck Truck{id=4, truckCapacityType=LARGE, cargoType=PERISHABLE, load=100} left the terminal Terminal{isBusy=false, id=1}
2020-05-17 19:00:22 [Thread-11] INFO  by.prokhorenko.threads.entity.LogisticBase - Truck Truck{id=11, truckCapacityType=SMALL, cargoType=PERISHABLE, load=0} got terminal Terminal{isBusy=true, id=1}
2020-05-17 19:00:23 [Thread-11] INFO  by.prokhorenko.threads.entity.Terminal - Truck Truck{id=11, truckCapacityType=SMALL, cargoType=PERISHABLE, load=25} was loaded on terminal with id 1
2020-05-17 19:00:23 [Thread-11] INFO  by.prokhorenko.threads.entity.LogisticBase - Truck Truck{id=11, truckCapacityType=SMALL, cargoType=PERISHABLE, load=25} left the terminal Terminal{isBusy=false, id=1}
2020-05-17 19:02:02 [main] INFO  prokhorenko.threads.reader.impl.FileReader - Lines were read
2020-05-17 19:02:02 [Thread-1] INFO  by.prokhorenko.threads.entity.LogisticBase - Truck Truck{id=1, truckCapacityType=SMALL, cargoType=PERISHABLE, load=0} stays in the queue
2020-05-17 19:02:02 [Thread-2] INFO  by.prokhorenko.threads.entity.LogisticBase - Truck Truck{id=2, truckCapacityType=LARGE, cargoType=NOT_PERISHABLE, load=40} stays in the queue
2020-05-17 19:02:02 [Thread-1] INFO  by.prokhorenko.threads.entity.LogisticBase - Truck Truck{id=1, truckCapacityType=SMALL, cargoType=PERISHABLE, load=0} got terminal Terminal{isBusy=true, id=1}
2020-05-17 19:02:02 [Thread-3] INFO  by.prokhorenko.threads.entity.LogisticBase - Truck Truck{id=3, truckCapacityType=LARGE, cargoType=NOT_PERISHABLE, load=50} stays in the queue
2020-05-17 19:02:02 [Thread-2] INFO  by.prokhorenko.threads.entity.LogisticBase - Truck Truck{id=2, truckCapacityType=LARGE, cargoType=NOT_PERISHABLE, load=40} got terminal Terminal{isBusy=true, id=2}
2020-05-17 19:02:02 [Thread-4] INFO  by.prokhorenko.threads.entity.LogisticBase - Truck Truck{id=4, truckCapacityType=LARGE, cargoType=PERISHABLE, load=0} stays in the queue
2020-05-17 19:02:02 [Thread-6] INFO  by.prokhorenko.threads.entity.LogisticBase - Truck Truck{id=6, truckCapacityType=LARGE, cargoType=NOT_PERISHABLE, load=30} stays in the queue
2020-05-17 19:02:02 [Thread-5] INFO  by.prokhorenko.threads.entity.LogisticBase - Truck Truck{id=5, truckCapacityType=SMALL, cargoType=PERISHABLE, load=0} stays in the queue
2020-05-17 19:02:03 [Thread-7] INFO  by.prokhorenko.threads.entity.LogisticBase - Truck Truck{id=7, truckCapacityType=SMALL, cargoType=PERISHABLE, load=0} stays in the queue
2020-05-17 19:02:03 [Thread-1] INFO  by.prokhorenko.threads.entity.Terminal - Truck Truck{id=1, truckCapacityType=SMALL, cargoType=PERISHABLE, load=25} was loaded on terminal with id 1
2020-05-17 19:02:03 [Thread-1] INFO  by.prokhorenko.threads.entity.LogisticBase - [Truck{id=2, truckCapacityType=LARGE, cargoType=NOT_PERISHABLE, load=15}, Truck{id=6, truckCapacityType=LARGE, cargoType=NOT_PERISHABLE, load=30}, Truck{id=3, truckCapacityType=LARGE, cargoType=NOT_PERISHABLE, load=50}, Truck{id=4, truckCapacityType=LARGE, cargoType=PERISHABLE, load=0}, Truck{id=7, truckCapacityType=SMALL, cargoType=PERISHABLE, load=0}, Truck{id=5, truckCapacityType=SMALL, cargoType=PERISHABLE, load=0}]
2020-05-17 19:02:03 [Thread-1] INFO  by.prokhorenko.threads.entity.LogisticBase - Truck Truck{id=1, truckCapacityType=SMALL, cargoType=PERISHABLE, load=25} left the terminal Terminal{isBusy=false, id=1}
2020-05-17 19:02:03 [Thread-8] INFO  by.prokhorenko.threads.entity.LogisticBase - Truck Truck{id=8, truckCapacityType=LARGE, cargoType=NOT_PERISHABLE, load=40} stays in the queue
2020-05-17 19:02:03 [Thread-9] INFO  by.prokhorenko.threads.entity.LogisticBase - Truck Truck{id=9, truckCapacityType=LARGE, cargoType=NOT_PERISHABLE, load=50} stays in the queue
2020-05-17 19:02:03 [Thread-10] INFO  by.prokhorenko.threads.entity.LogisticBase - Truck Truck{id=10, truckCapacityType=LARGE, cargoType=PERISHABLE, load=0} stays in the queue
2020-05-17 19:02:03 [Thread-11] INFO  by.prokhorenko.threads.entity.LogisticBase - Truck Truck{id=11, truckCapacityType=SMALL, cargoType=PERISHABLE, load=0} stays in the queue
2020-05-17 19:02:03 [Thread-2] INFO  by.prokhorenko.threads.entity.Terminal - Truck Truck{id=2, truckCapacityType=LARGE, cargoType=NOT_PERISHABLE, load=0} was unloaded on terminal with id 2
2020-05-17 19:02:03 [Thread-2] INFO  by.prokhorenko.threads.entity.LogisticBase - [Truck{id=6, truckCapacityType=LARGE, cargoType=NOT_PERISHABLE, load=30}, Truck{id=9, truckCapacityType=LARGE, cargoType=NOT_PERISHABLE, load=50}, Truck{id=3, truckCapacityType=LARGE, cargoType=NOT_PERISHABLE, load=50}, Truck{id=11, truckCapacityType=SMALL, cargoType=PERISHABLE, load=0}, Truck{id=7, truckCapacityType=SMALL, cargoType=PERISHABLE, load=0}, Truck{id=5, truckCapacityType=SMALL, cargoType=PERISHABLE, load=0}, Truck{id=8, truckCapacityType=LARGE, cargoType=NOT_PERISHABLE, load=40}, Truck{id=4, truckCapacityType=LARGE, cargoType=PERISHABLE, load=0}, Truck{id=10, truckCapacityType=LARGE, cargoType=PERISHABLE, load=0}]
2020-05-17 19:02:03 [Thread-2] INFO  by.prokhorenko.threads.entity.LogisticBase - Truck Truck{id=2, truckCapacityType=LARGE, cargoType=NOT_PERISHABLE, load=0} left the terminal Terminal{isBusy=false, id=2}
2020-05-17 19:02:03 [Thread-6] INFO  by.prokhorenko.threads.entity.LogisticBase - Truck Truck{id=6, truckCapacityType=LARGE, cargoType=NOT_PERISHABLE, load=30} got terminal Terminal{isBusy=true, id=1}
2020-05-17 19:02:03 [Thread-12] INFO  by.prokhorenko.threads.entity.LogisticBase - Truck Truck{id=12, truckCapacityType=LARGE, cargoType=NOT_PERISHABLE, load=30} stays in the queue
2020-05-17 19:02:03 [Thread-13] INFO  by.prokhorenko.threads.entity.LogisticBase - Truck Truck{id=13, truckCapacityType=SMALL, cargoType=PERISHABLE, load=0} stays in the queue
2020-05-17 19:02:03 [Thread-14] INFO  by.prokhorenko.threads.entity.LogisticBase - Truck Truck{id=14, truckCapacityType=LARGE, cargoType=NOT_PERISHABLE, load=40} stays in the queue
2020-05-17 19:02:03 [Thread-15] INFO  by.prokhorenko.threads.entity.LogisticBase - Truck Truck{id=15, truckCapacityType=LARGE, cargoType=NOT_PERISHABLE, load=50} stays in the queue
2020-05-17 19:02:03 [Thread-16] INFO  by.prokhorenko.threads.entity.LogisticBase - Truck Truck{id=16, truckCapacityType=LARGE, cargoType=PERISHABLE, load=0} stays in the queue
2020-05-17 19:02:04 [Thread-17] INFO  by.prokhorenko.threads.entity.LogisticBase - Truck Truck{id=17, truckCapacityType=SMALL, cargoType=PERISHABLE, load=0} stays in the queue
2020-05-17 19:02:04 [Thread-6] INFO  by.prokhorenko.threads.entity.Terminal - Truck Truck{id=6, truckCapacityType=LARGE, cargoType=NOT_PERISHABLE, load=0} was unloaded on terminal with id 1
2020-05-17 19:02:04 [Thread-6] INFO  by.prokhorenko.threads.entity.LogisticBase - [Truck{id=9, truckCapacityType=LARGE, cargoType=NOT_PERISHABLE, load=50}, Truck{id=12, truckCapacityType=LARGE, cargoType=NOT_PERISHABLE, load=30}, Truck{id=3, truckCapacityType=LARGE, cargoType=NOT_PERISHABLE, load=50}, Truck{id=11, truckCapacityType=SMALL, cargoType=PERISHABLE, load=0}, Truck{id=17, truckCapacityType=SMALL, cargoType=PERISHABLE, load=0}, Truck{id=14, truckCapacityType=LARGE, cargoType=NOT_PERISHABLE, load=40}, Truck{id=8, truckCapacityType=LARGE, cargoType=NOT_PERISHABLE, load=40}, Truck{id=4, truckCapacityType=LARGE, cargoType=PERISHABLE, load=0}, Truck{id=10, truckCapacityType=LARGE, cargoType=PERISHABLE, load=0}, Truck{id=7, truckCapacityType=SMALL, cargoType=PERISHABLE, load=0}, Truck{id=13, truckCapacityType=SMALL, cargoType=PERISHABLE, load=0}, Truck{id=5, truckCapacityType=SMALL, cargoType=PERISHABLE, load=0}, Truck{id=15, truckCapacityType=LARGE, cargoType=NOT_PERISHABLE, load=50}, Truck{id=16, truckCapacityType=LARGE, cargoType=PERISHABLE, load=0}]
2020-05-17 19:02:04 [Thread-6] INFO  by.prokhorenko.threads.entity.LogisticBase - Truck Truck{id=6, truckCapacityType=LARGE, cargoType=NOT_PERISHABLE, load=0} left the terminal Terminal{isBusy=false, id=1}
2020-05-17 19:02:04 [Thread-9] INFO  by.prokhorenko.threads.entity.LogisticBase - Truck Truck{id=9, truckCapacityType=LARGE, cargoType=NOT_PERISHABLE, load=50} got terminal Terminal{isBusy=true, id=1}
2020-05-17 19:02:04 [Thread-18] INFO  by.prokhorenko.threads.entity.LogisticBase - Truck Truck{id=18, truckCapacityType=LARGE, cargoType=NOT_PERISHABLE, load=30} stays in the queue
2020-05-17 19:02:04 [Thread-19] INFO  by.prokhorenko.threads.entity.LogisticBase - Truck Truck{id=19, truckCapacityType=SMALL, cargoType=PERISHABLE, load=0} stays in the queue
2020-05-17 19:02:04 [Thread-20] INFO  by.prokhorenko.threads.entity.LogisticBase - Truck Truck{id=20, truckCapacityType=LARGE, cargoType=NOT_PERISHABLE, load=40} stays in the queue
2020-05-17 19:02:04 [Thread-21] INFO  by.prokhorenko.threads.entity.LogisticBase - Truck Truck{id=21, truckCapacityType=LARGE, cargoType=NOT_PERISHABLE, load=50} stays in the queue
2020-05-17 19:02:04 [Thread-22] INFO  by.prokhorenko.threads.entity.LogisticBase - Truck Truck{id=22, truckCapacityType=LARGE, cargoType=PERISHABLE, load=0} stays in the queue
2020-05-17 19:02:04 [Thread-23] INFO  by.prokhorenko.threads.entity.LogisticBase - Truck Truck{id=23, truckCapacityType=SMALL, cargoType=PERISHABLE, load=0} stays in the queue
2020-05-17 19:02:04 [Thread-24] INFO  by.prokhorenko.threads.entity.LogisticBase - Truck Truck{id=24, truckCapacityType=LARGE, cargoType=NOT_PERISHABLE, load=30} stays in the queue
2020-05-17 19:02:05 [Thread-9] INFO  by.prokhorenko.threads.entity.Terminal - Truck Truck{id=9, truckCapacityType=LARGE, cargoType=NOT_PERISHABLE, load=0} was unloaded on terminal with id 1
2020-05-17 19:02:05 [Thread-9] INFO  by.prokhorenko.threads.entity.LogisticBase - [Truck{id=12, truckCapacityType=LARGE, cargoType=NOT_PERISHABLE, load=30}, Truck{id=20, truckCapacityType=LARGE, cargoType=NOT_PERISHABLE, load=40}, Truck{id=3, truckCapacityType=LARGE, cargoType=NOT_PERISHABLE, load=50}, Truck{id=21, truckCapacityType=LARGE, cargoType=NOT_PERISHABLE, load=50}, Truck{id=24, truckCapacityType=LARGE, cargoType=NOT_PERISHABLE, load=30}, Truck{id=14, truckCapacityType=LARGE, cargoType=NOT_PERISHABLE, load=40}, Truck{id=8, truckCapacityType=LARGE, cargoType=NOT_PERISHABLE, load=40}, Truck{id=11, truckCapacityType=SMALL, cargoType=PERISHABLE, load=0}, Truck{id=7, truckCapacityType=SMALL, cargoType=PERISHABLE, load=0}, Truck{id=17, truckCapacityType=SMALL, cargoType=PERISHABLE, load=0}, Truck{id=13, truckCapacityType=SMALL, cargoType=PERISHABLE, load=0}, Truck{id=5, truckCapacityType=SMALL, cargoType=PERISHABLE, load=0}, Truck{id=15, truckCapacityType=LARGE, cargoType=NOT_PERISHABLE, load=50}, Truck{id=16, truckCapacityType=LARGE, cargoType=PERISHABLE, load=0}, Truck{id=18, truckCapacityType=LARGE, cargoType=NOT_PERISHABLE, load=30}, Truck{id=19, truckCapacityType=SMALL, cargoType=PERISHABLE, load=0}, Truck{id=4, truckCapacityType=LARGE, cargoType=PERISHABLE, load=0}, Truck{id=10, truckCapacityType=LARGE, cargoType=PERISHABLE, load=0}, Truck{id=22, truckCapacityType=LARGE, cargoType=PERISHABLE, load=0}, Truck{id=23, truckCapacityType=SMALL, cargoType=PERISHABLE, load=0}]
