2020-05-17 18:26:03 [Thread-2] INFO  by.prokhorenko.threads.entity.Terminal - Truck Truck{id=2, truckCapacityType=LARGE, cargoType=NOT_PERISHABLE, load=0} was unloaded on terminal with id 2
2020-05-17 18:26:03 [Thread-15] INFO  by.prokhorenko.threads.entity.Terminal - Truck Truck{id=15, truckCapacityType=LARGE, cargoType=NOT_PERISHABLE, load=0} was unloaded on terminal with id 3
2020-05-17 18:26:03 [Thread-3] INFO  by.prokhorenko.threads.entity.Terminal - Truck Truck{id=3, truckCapacityType=LARGE, cargoType=NOT_PERISHABLE, load=0} was unloaded on terminal with id 5
2020-05-17 18:26:04 [Thread-16] INFO  by.prokhorenko.threads.entity.Terminal - Truck Truck{id=16, truckCapacityType=LARGE, cargoType=PERISHABLE, load=100} was loaded on terminal with id 4
2020-05-17 18:26:28 [main] INFO  prokhorenko.threads.reader.impl.FileReader - Lines were read
2020-05-17 18:26:28 [Thread-1] INFO  by.prokhorenko.threads.entity.LogisticBase - Truck Truck{id=1, truckCapacityType=SMALL, cargoType=PERISHABLE, load=0} got terminal Terminal{isBusy=true, id=1}
2020-05-17 18:26:28 [Thread-2] INFO  by.prokhorenko.threads.entity.LogisticBase - Truck Truck{id=2, truckCapacityType=LARGE, cargoType=NOT_PERISHABLE, load=40} got terminal Terminal{isBusy=true, id=2}
2020-05-17 18:26:28 [Thread-3] INFO  by.prokhorenko.threads.entity.LogisticBase - Truck Truck{id=3, truckCapacityType=LARGE, cargoType=NOT_PERISHABLE, load=50} got terminal Terminal{isBusy=true, id=3}
2020-05-17 18:26:28 [Thread-4] INFO  by.prokhorenko.threads.entity.LogisticBase - Truck Truck{id=4, truckCapacityType=LARGE, cargoType=PERISHABLE, load=0} got terminal Terminal{isBusy=true, id=4}
2020-05-17 18:26:28 [Thread-5] INFO  by.prokhorenko.threads.entity.LogisticBase - Truck Truck{id=5, truckCapacityType=SMALL, cargoType=PERISHABLE, load=0} got terminal Terminal{isBusy=true, id=5}
2020-05-17 18:26:28 [Thread-5] INFO  by.prokhorenko.threads.entity.Terminal - Truck Truck{id=5, truckCapacityType=SMALL, cargoType=PERISHABLE, load=25} was loaded on terminal with id 5
2020-05-17 18:26:28 [Thread-1] INFO  by.prokhorenko.threads.entity.Terminal - Truck Truck{id=1, truckCapacityType=SMALL, cargoType=PERISHABLE, load=25} was loaded on terminal with id 1
2020-05-17 18:26:29 [Thread-2] INFO  by.prokhorenko.threads.entity.Terminal - Truck Truck{id=2, truckCapacityType=LARGE, cargoType=NOT_PERISHABLE, load=0} was unloaded on terminal with id 2
2020-05-17 18:26:29 [Thread-3] INFO  by.prokhorenko.threads.entity.Terminal - Truck Truck{id=3, truckCapacityType=LARGE, cargoType=NOT_PERISHABLE, load=0} was unloaded on terminal with id 3
2020-05-17 18:26:30 [Thread-4] INFO  by.prokhorenko.threads.entity.Terminal - Truck Truck{id=4, truckCapacityType=LARGE, cargoType=PERISHABLE, load=100} was loaded on terminal with id 4
2020-05-17 18:29:04 [main] INFO  prokhorenko.threads.reader.impl.FileReader - Lines were read
2020-05-17 18:29:04 [Thread-1] INFO  by.prokhorenko.threads.entity.LogisticBase - Truck Truck{id=1, truckCapacityType=SMALL, cargoType=PERISHABLE, load=0} got terminal Terminal{isBusy=true, id=1}
2020-05-17 18:29:04 [Thread-2] INFO  by.prokhorenko.threads.entity.LogisticBase - Truck Truck{id=2, truckCapacityType=LARGE, cargoType=NOT_PERISHABLE, load=40} got terminal Terminal{isBusy=true, id=2}
2020-05-17 18:29:04 [Thread-3] INFO  by.prokhorenko.threads.entity.LogisticBase - Truck Truck{id=3, truckCapacityType=LARGE, cargoType=NOT_PERISHABLE, load=50} got terminal Terminal{isBusy=true, id=3}
2020-05-17 18:29:04 [Thread-4] INFO  by.prokhorenko.threads.entity.LogisticBase - Truck Truck{id=4, truckCapacityType=LARGE, cargoType=PERISHABLE, load=0} got terminal Terminal{isBusy=true, id=4}
2020-05-17 18:29:04 [Thread-5] INFO  by.prokhorenko.threads.entity.LogisticBase - Truck Truck{id=5, truckCapacityType=SMALL, cargoType=PERISHABLE, load=0} got terminal Terminal{isBusy=true, id=5}
2020-05-17 18:29:05 [Thread-1] INFO  by.prokhorenko.threads.entity.Terminal - Truck Truck{id=1, truckCapacityType=SMALL, cargoType=PERISHABLE, load=25} was loaded on terminal with id 1
2020-05-17 18:29:05 [Thread-1] INFO  by.prokhorenko.threads.entity.LogisticBase - Truck Truck{id=1, truckCapacityType=SMALL, cargoType=PERISHABLE, load=25} left the terminal Terminal{isBusy=false, id=1}
2020-05-17 18:29:05 [Thread-5] INFO  by.prokhorenko.threads.entity.Terminal - Truck Truck{id=5, truckCapacityType=SMALL, cargoType=PERISHABLE, load=25} was loaded on terminal with id 5
2020-05-17 18:29:05 [Thread-5] INFO  by.prokhorenko.threads.entity.LogisticBase - Truck Truck{id=5, truckCapacityType=SMALL, cargoType=PERISHABLE, load=25} left the terminal Terminal{isBusy=false, id=5}
2020-05-17 18:29:05 [Thread-2] INFO  by.prokhorenko.threads.entity.Terminal - Truck Truck{id=2, truckCapacityType=LARGE, cargoType=NOT_PERISHABLE, load=0} was unloaded on terminal with id 2
2020-05-17 18:29:05 [Thread-2] INFO  by.prokhorenko.threads.entity.LogisticBase - Truck Truck{id=2, truckCapacityType=LARGE, cargoType=NOT_PERISHABLE, load=0} left the terminal Terminal{isBusy=false, id=2}
2020-05-17 18:29:05 [Thread-3] INFO  by.prokhorenko.threads.entity.Terminal - Truck Truck{id=3, truckCapacityType=LARGE, cargoType=NOT_PERISHABLE, load=0} was unloaded on terminal with id 3
2020-05-17 18:29:05 [Thread-3] INFO  by.prokhorenko.threads.entity.LogisticBase - Truck Truck{id=3, truckCapacityType=LARGE, cargoType=NOT_PERISHABLE, load=0} left the terminal Terminal{isBusy=false, id=3}
2020-05-17 18:29:06 [Thread-4] INFO  by.prokhorenko.threads.entity.Terminal - Truck Truck{id=4, truckCapacityType=LARGE, cargoType=PERISHABLE, load=100} was loaded on terminal with id 4
2020-05-17 18:29:06 [Thread-4] INFO  by.prokhorenko.threads.entity.LogisticBase - Truck Truck{id=4, truckCapacityType=LARGE, cargoType=PERISHABLE, load=100} left the terminal Terminal{isBusy=false, id=4}
2020-05-17 18:29:54 [main] INFO  prokhorenko.threads.reader.impl.FileReader - Lines were read
2020-05-17 18:29:54 [Thread-1] INFO  by.prokhorenko.threads.entity.LogisticBase - Truck Truck{id=1, truckCapacityType=SMALL, cargoType=PERISHABLE, load=0} got terminal Terminal{isBusy=true, id=1}
2020-05-17 18:29:54 [Thread-2] INFO  by.prokhorenko.threads.entity.LogisticBase - Truck Truck{id=2, truckCapacityType=LARGE, cargoType=NOT_PERISHABLE, load=40} got terminal Terminal{isBusy=true, id=2}
2020-05-17 18:29:54 [Thread-3] INFO  by.prokhorenko.threads.entity.LogisticBase - Truck Truck{id=3, truckCapacityType=LARGE, cargoType=NOT_PERISHABLE, load=50} got terminal Terminal{isBusy=true, id=3}
2020-05-17 18:29:54 [Thread-4] INFO  by.prokhorenko.threads.entity.LogisticBase - Truck Truck{id=4, truckCapacityType=LARGE, cargoType=PERISHABLE, load=0} got terminal Terminal{isBusy=true, id=4}
2020-05-17 18:29:54 [Thread-5] INFO  by.prokhorenko.threads.entity.LogisticBase - Truck Truck{id=5, truckCapacityType=SMALL, cargoType=PERISHABLE, load=0} got terminal Terminal{isBusy=true, id=5}
2020-05-17 18:29:55 [Thread-1] INFO  by.prokhorenko.threads.entity.Terminal - Truck Truck{id=1, truckCapacityType=SMALL, cargoType=PERISHABLE, load=25} was loaded on terminal with id 1
2020-05-17 18:29:55 [Thread-1] INFO  by.prokhorenko.threads.entity.LogisticBase - Truck Truck{id=1, truckCapacityType=SMALL, cargoType=PERISHABLE, load=25} left the terminal Terminal{isBusy=false, id=1}
2020-05-17 18:29:55 [Thread-5] INFO  by.prokhorenko.threads.entity.Terminal - Truck Truck{id=5, truckCapacityType=SMALL, cargoType=PERISHABLE, load=25} was loaded on terminal with id 5
2020-05-17 18:29:55 [Thread-5] INFO  by.prokhorenko.threads.entity.LogisticBase - Truck Truck{id=5, truckCapacityType=SMALL, cargoType=PERISHABLE, load=25} left the terminal Terminal{isBusy=false, id=5}
2020-05-17 18:29:55 [Thread-2] INFO  by.prokhorenko.threads.entity.Terminal - Truck Truck{id=2, truckCapacityType=LARGE, cargoType=NOT_PERISHABLE, load=0} was unloaded on terminal with id 2
2020-05-17 18:29:55 [Thread-2] INFO  by.prokhorenko.threads.entity.LogisticBase - Truck Truck{id=2, truckCapacityType=LARGE, cargoType=NOT_PERISHABLE, load=0} left the terminal Terminal{isBusy=false, id=2}
2020-05-17 18:29:55 [Thread-3] INFO  by.prokhorenko.threads.entity.Terminal - Truck Truck{id=3, truckCapacityType=LARGE, cargoType=NOT_PERISHABLE, load=0} was unloaded on terminal with id 3
2020-05-17 18:29:55 [Thread-3] INFO  by.prokhorenko.threads.entity.LogisticBase - Truck Truck{id=3, truckCapacityType=LARGE, cargoType=NOT_PERISHABLE, load=0} left the terminal Terminal{isBusy=false, id=3}
2020-05-17 18:29:56 [Thread-4] INFO  by.prokhorenko.threads.entity.Terminal - Truck Truck{id=4, truckCapacityType=LARGE, cargoType=PERISHABLE, load=100} was loaded on terminal with id 4
2020-05-17 18:29:56 [Thread-4] INFO  by.prokhorenko.threads.entity.LogisticBase - Truck Truck{id=4, truckCapacityType=LARGE, cargoType=PERISHABLE, load=100} left the terminal Terminal{isBusy=false, id=4}
2020-05-17 18:30:37 [main] INFO  prokhorenko.threads.reader.impl.FileReader - Lines were read
2020-05-17 18:30:37 [Thread-1] INFO  by.prokhorenko.threads.entity.LogisticBase - Truck Truck{id=1, truckCapacityType=SMALL, cargoType=PERISHABLE, load=0} got terminal Terminal{isBusy=true, id=1}
2020-05-17 18:30:37 [Thread-2] INFO  by.prokhorenko.threads.entity.LogisticBase - Truck Truck{id=2, truckCapacityType=LARGE, cargoType=NOT_PERISHABLE, load=40} got terminal Terminal{isBusy=true, id=2}
2020-05-17 18:30:37 [Thread-3] INFO  by.prokhorenko.threads.entity.LogisticBase - Truck Truck{id=3, truckCapacityType=LARGE, cargoType=NOT_PERISHABLE, load=50} got terminal Terminal{isBusy=true, id=3}
2020-05-17 18:30:37 [Thread-4] INFO  by.prokhorenko.threads.entity.LogisticBase - Truck Truck{id=4, truckCapacityType=LARGE, cargoType=PERISHABLE, load=0} got terminal Terminal{isBusy=true, id=4}
2020-05-17 18:30:37 [Thread-5] INFO  by.prokhorenko.threads.entity.LogisticBase - Truck Truck{id=5, truckCapacityType=SMALL, cargoType=PERISHABLE, load=0} got terminal Terminal{isBusy=true, id=5}
2020-05-17 18:30:38 [Thread-5] INFO  by.prokhorenko.threads.entity.Terminal - Truck Truck{id=5, truckCapacityType=SMALL, cargoType=PERISHABLE, load=25} was loaded on terminal with id 5
2020-05-17 18:30:38 [Thread-5] INFO  by.prokhorenko.threads.entity.LogisticBase - Truck Truck{id=5, truckCapacityType=SMALL, cargoType=PERISHABLE, load=25} left the terminal Terminal{isBusy=false, id=5}
2020-05-17 18:30:38 [Thread-1] INFO  by.prokhorenko.threads.entity.Terminal - Truck Truck{id=1, truckCapacityType=SMALL, cargoType=PERISHABLE, load=25} was loaded on terminal with id 1
2020-05-17 18:30:38 [Thread-1] INFO  by.prokhorenko.threads.entity.LogisticBase - Truck Truck{id=1, truckCapacityType=SMALL, cargoType=PERISHABLE, load=25} left the terminal Terminal{isBusy=false, id=1}
2020-05-17 18:30:38 [Thread-2] INFO  by.prokhorenko.threads.entity.Terminal - Truck Truck{id=2, truckCapacityType=LARGE, cargoType=NOT_PERISHABLE, load=0} was unloaded on terminal with id 2
2020-05-17 18:30:38 [Thread-2] INFO  by.prokhorenko.threads.entity.LogisticBase - Truck Truck{id=2, truckCapacityType=LARGE, cargoType=NOT_PERISHABLE, load=0} left the terminal Terminal{isBusy=false, id=2}
2020-05-17 18:30:38 [Thread-3] INFO  by.prokhorenko.threads.entity.Terminal - Truck Truck{id=3, truckCapacityType=LARGE, cargoType=NOT_PERISHABLE, load=0} was unloaded on terminal with id 3
2020-05-17 18:30:38 [Thread-3] INFO  by.prokhorenko.threads.entity.LogisticBase - Truck Truck{id=3, truckCapacityType=LARGE, cargoType=NOT_PERISHABLE, load=0} left the terminal Terminal{isBusy=false, id=3}
2020-05-17 18:30:39 [Thread-4] INFO  by.prokhorenko.threads.entity.Terminal - Truck Truck{id=4, truckCapacityType=LARGE, cargoType=PERISHABLE, load=100} was loaded on terminal with id 4
2020-05-17 18:30:39 [Thread-4] INFO  by.prokhorenko.threads.entity.LogisticBase - Truck Truck{id=4, truckCapacityType=LARGE, cargoType=PERISHABLE, load=100} left the terminal Terminal{isBusy=false, id=4}
2020-05-17 18:43:41 [main] INFO  prokhorenko.threads.reader.impl.FileReader - Lines were read
2020-05-17 18:43:41 [Thread-1] INFO  by.prokhorenko.threads.entity.LogisticBase - Truck Truck{id=1, truckCapacityType=SMALL, cargoType=PERISHABLE, load=0} got terminal Terminal{isBusy=true, id=1}
2020-05-17 18:43:41 [Thread-2] INFO  by.prokhorenko.threads.entity.LogisticBase - Truck Truck{id=2, truckCapacityType=LARGE, cargoType=NOT_PERISHABLE, load=40} got terminal Terminal{isBusy=true, id=2}
2020-05-17 18:43:41 [Thread-3] INFO  by.prokhorenko.threads.entity.LogisticBase - Truck Truck{id=3, truckCapacityType=LARGE, cargoType=NOT_PERISHABLE, load=50} got terminal Terminal{isBusy=true, id=3}
2020-05-17 18:43:41 [Thread-4] INFO  by.prokhorenko.threads.entity.LogisticBase - Truck Truck{id=4, truckCapacityType=LARGE, cargoType=PERISHABLE, load=0} got terminal Terminal{isBusy=true, id=4}
2020-05-17 18:43:41 [Thread-5] INFO  by.prokhorenko.threads.entity.LogisticBase - Truck Truck{id=5, truckCapacityType=SMALL, cargoType=PERISHABLE, load=0} got terminal Terminal{isBusy=true, id=5}
2020-05-17 18:43:42 [Thread-1] INFO  by.prokhorenko.threads.entity.Terminal - Truck Truck{id=1, truckCapacityType=SMALL, cargoType=PERISHABLE, load=25} was loaded on terminal with id 1
2020-05-17 18:43:42 [Thread-1] INFO  by.prokhorenko.threads.entity.LogisticBase - Truck Truck{id=1, truckCapacityType=SMALL, cargoType=PERISHABLE, load=25} left the terminal Terminal{isBusy=false, id=1}
2020-05-17 18:43:42 [Thread-5] INFO  by.prokhorenko.threads.entity.Terminal - Truck Truck{id=5, truckCapacityType=SMALL, cargoType=PERISHABLE, load=25} was loaded on terminal with id 5
2020-05-17 18:43:42 [Thread-5] INFO  by.prokhorenko.threads.entity.LogisticBase - Truck Truck{id=5, truckCapacityType=SMALL, cargoType=PERISHABLE, load=25} left the terminal Terminal{isBusy=false, id=5}
2020-05-17 18:43:42 [Thread-2] INFO  by.prokhorenko.threads.entity.Terminal - Truck Truck{id=2, truckCapacityType=LARGE, cargoType=NOT_PERISHABLE, load=0} was unloaded on terminal with id 2
2020-05-17 18:43:42 [Thread-2] INFO  by.prokhorenko.threads.entity.LogisticBase - Truck Truck{id=2, truckCapacityType=LARGE, cargoType=NOT_PERISHABLE, load=0} left the terminal Terminal{isBusy=false, id=2}
2020-05-17 18:43:42 [Thread-3] INFO  by.prokhorenko.threads.entity.Terminal - Truck Truck{id=3, truckCapacityType=LARGE, cargoType=NOT_PERISHABLE, load=0} was unloaded on terminal with id 3
2020-05-17 18:43:42 [Thread-3] INFO  by.prokhorenko.threads.entity.LogisticBase - Truck Truck{id=3, truckCapacityType=LARGE, cargoType=NOT_PERISHABLE, load=0} left the terminal Terminal{isBusy=false, id=3}
2020-05-17 18:43:43 [Thread-4] INFO  by.prokhorenko.threads.entity.Terminal - Truck Truck{id=4, truckCapacityType=LARGE, cargoType=PERISHABLE, load=100} was loaded on terminal with id 4
2020-05-17 18:43:43 [Thread-4] INFO  by.prokhorenko.threads.entity.LogisticBase - Truck Truck{id=4, truckCapacityType=LARGE, cargoType=PERISHABLE, load=100} left the terminal Terminal{isBusy=false, id=4}
2020-05-17 18:44:19 [main] INFO  prokhorenko.threads.reader.impl.FileReader - Lines were read
2020-05-17 18:44:19 [Thread-2] INFO  by.prokhorenko.threads.entity.LogisticBase - Truck Truck{id=2, truckCapacityType=LARGE, cargoType=NOT_PERISHABLE, load=40} got terminal Terminal{isBusy=true, id=1}
2020-05-17 18:44:19 [Thread-1] INFO  by.prokhorenko.threads.entity.LogisticBase - Truck Truck{id=1, truckCapacityType=SMALL, cargoType=PERISHABLE, load=0} got terminal Terminal{isBusy=true, id=2}
